# JRE version: OpenJDK Runtime Environment Homebrew (11.0.25) (build 11.0.25+0)
# Java VM: OpenJDK 64-Bit Server VM Homebrew (11.0.25+0, mixed mode, tiered, compressed oops, g1 gc, bsd-aarch64)
Heap:
 garbage-first heap   total 195584K, used 128267K [0x0000000780000000, 0x00000007c0000000)
  region size 1024K, 41 young (41984K), 6 survivors (6144K)
 Metaspace       used 14946K, capacity 15235K, committed 15616K, reserved 1062912K
  class space    used 1525K, capacity 1650K, committed 1792K, reserved 1048576K
GC Heap History (20 events):
Event: 0.650 GC heap before
{Heap before GC invocations=1 (full 0):
 garbage-first heap   total 131072K, used 34133K [0x0000000780000000, 0x00000007c0000000)
  region size 1024K, 22 young (22528K), 3 survivors (3072K)
 Metaspace       used 13161K, capacity 13454K, committed 13824K, reserved 1060864K
  class space    used 1323K, capacity 1436K, committed 1536K, reserved 1048576K
}
Event: 0.655 GC heap after
{Heap after GC invocations=2 (full 0):
 garbage-first heap   total 131072K, used 12741K [0x0000000780000000, 0x00000007c0000000)
  region size 1024K, 3 young (3072K), 3 survivors (3072K)
 Metaspace       used 13161K, capacity 13454K, committed 13824K, reserved 1060864K
  class space    used 1323K, capacity 1436K, committed 1536K, reserved 1048576K
}
Event: 0.693 GC heap before
{Heap before GC invocations=2 (full 0):
 garbage-first heap   total 131072K, used 36293K [0x0000000780000000, 0x00000007c0000000)
  region size 1024K, 25 young (25600K), 3 survivors (3072K)
 Metaspace       used 13180K, capacity 13454K, committed 13824K, reserved 1060864K
  class space    used 1324K, capacity 1436K, committed 1536K, reserved 1048576K
}
Event: 0.695 GC heap after
{Heap after GC invocations=3 (full 0):
 garbage-first heap   total 131072K, used 20480K [0x0000000780000000, 0x00000007c0000000)
  region size 1024K, 4 young (4096K), 4 survivors (4096K)
 Metaspace       used 13180K, capacity 13454K, committed 13824K, reserved 1060864K
  class space    used 1324K, capacity 1436K, committed 1536K, reserved 1048576K
}
Event: 0.762 GC heap before
{Heap before GC invocations=3 (full 0):
 garbage-first heap   total 131072K, used 56320K [0x0000000780000000, 0x00000007c0000000)
  region size 1024K, 39 young (39936K), 4 survivors (4096K)
 Metaspace       used 13188K, capacity 13454K, committed 13824K, reserved 1060864K
  class space    used 1324K, capacity 1436K, committed 1536K, reserved 1048576K
}
Event: 0.764 GC heap after
{Heap after GC invocations=4 (full 0):
 garbage-first heap   total 131072K, used 29696K [0x0000000780000000, 0x00000007c0000000)
  region size 1024K, 5 young (5120K), 5 survivors (5120K)
 Metaspace       used 13188K, capacity 13454K, committed 13824K, reserved 1060864K
  class space    used 1324K, capacity 1436K, committed 1536K, reserved 1048576K
}
Event: 0.879 GC heap before
{Heap before GC invocations=4 (full 0):
 garbage-first heap   total 131072K, used 70656K [0x0000000780000000, 0x00000007c0000000)
  region size 1024K, 45 young (46080K), 5 survivors (5120K)
 Metaspace       used 13195K, capacity 13454K, committed 13824K, reserved 1060864K
  class space    used 1324K, capacity 1436K, committed 1536K, reserved 1048576K
}
Event: 0.881 GC heap after
{Heap after GC invocations=5 (full 0):
 garbage-first heap   total 131072K, used 40361K [0x0000000780000000, 0x00000007c0000000)
  region size 1024K, 6 young (6144K), 6 survivors (6144K)
 Metaspace       used 13195K, capacity 13454K, committed 13824K, reserved 1060864K
  class space    used 1324K, capacity 1436K, committed 1536K, reserved 1048576K
}
Event: 0.940 GC heap before
{Heap before GC invocations=5 (full 0):
 garbage-first heap   total 131072K, used 80297K [0x0000000780000000, 0x00000007c0000000)
  region size 1024K, 45 young (46080K), 6 survivors (6144K)
 Metaspace       used 13195K, capacity 13454K, committed 13824K, reserved 1060864K
  class space    used 1324K, capacity 1436K, committed 1536K, reserved 1048576K
}
Event: 0.942 GC heap after
{Heap after GC invocations=6 (full 0):
 garbage-first heap   total 131072K, used 51712K [0x0000000780000000, 0x00000007c0000000)
  region size 1024K, 6 young (6144K), 6 survivors (6144K)
 Metaspace       used 13195K, capacity 13454K, committed 13824K, reserved 1060864K
  class space    used 1324K, capacity 1436K, committed 1536K, reserved 1048576K
}
Event: 1.063 GC heap before
{Heap before GC invocations=6 (full 0):
 garbage-first heap   total 131072K, used 86528K [0x0000000780000000, 0x00000007c0000000)
  region size 1024K, 41 young (41984K), 6 survivors (6144K)
 Metaspace       used 14645K, capacity 14975K, committed 15232K, reserved 1062912K
  class space    used 1507K, capacity 1639K, committed 1664K, reserved 1048576K
}
Event: 1.070 GC heap after
{Heap after GC invocations=7 (full 0):
 garbage-first heap   total 131072K, used 61952K [0x0000000780000000, 0x00000007c0000000)
  region size 1024K, 6 young (6144K), 6 survivors (6144K)
 Metaspace       used 14645K, capacity 14975K, committed 15232K, reserved 1062912K
  class space    used 1507K, capacity 1639K, committed 1664K, reserved 1048576K
}
Event: 1.154 GC heap before
{Heap before GC invocations=7 (full 0):
 garbage-first heap   total 131072K, used 92672K [0x0000000780000000, 0x00000007c0000000)
  region size 1024K, 37 young (37888K), 6 survivors (6144K)
 Metaspace       used 14953K, capacity 15251K, committed 15360K, reserved 1062912K
  class space    used 1547K, capacity 1691K, committed 1792K, reserved 1048576K
}
Event: 1.164 GC heap after
{Heap after GC invocations=8 (full 0):
 garbage-first heap   total 131072K, used 71168K [0x0000000780000000, 0x00000007c0000000)
  region size 1024K, 5 young (5120K), 5 survivors (5120K)
 Metaspace       used 14953K, capacity 15251K, committed 15360K, reserved 1062912K
  class space    used 1547K, capacity 1691K, committed 1792K, reserved 1048576K
}
Event: 1.207 GC heap before
{Heap before GC invocations=8 (full 0):
 garbage-first heap   total 131072K, used 97792K [0x0000000780000000, 0x00000007c0000000)
  region size 1024K, 31 young (31744K), 5 survivors (5120K)
 Metaspace       used 14972K, capacity 15254K, committed 15360K, reserved 1062912K
  class space    used 1547K, capacity 1691K, committed 1792K, reserved 1048576K
}
Event: 1.216 GC heap after
{Heap after GC invocations=9 (full 0):
 garbage-first heap   total 131072K, used 77824K [0x0000000780000000, 0x00000007c0000000)
  region size 1024K, 4 young (4096K), 4 survivors (4096K)
 Metaspace       used 14972K, capacity 15254K, committed 15360K, reserved 1062912K
  class space    used 1547K, capacity 1691K, committed 1792K, reserved 1048576K
}
Event: 1.255 GC heap before
{Heap before GC invocations=9 (full 0):
 garbage-first heap   total 131072K, used 101376K [0x0000000780000000, 0x00000007c0000000)
  region size 1024K, 27 young (27648K), 4 survivors (4096K)
 Metaspace       used 14914K, capacity 15162K, committed 15360K, reserved 1062912K
  class space    used 1525K, capacity 1650K, committed 1792K, reserved 1048576K
}
Event: 1.262 GC heap after
{Heap after GC invocations=10 (full 0):
 garbage-first heap   total 195584K, used 82944K [0x0000000780000000, 0x00000007c0000000)
  region size 1024K, 4 young (4096K), 4 survivors (4096K)
 Metaspace       used 14914K, capacity 15162K, committed 15360K, reserved 1062912K
  class space    used 1525K, capacity 1650K, committed 1792K, reserved 1048576K
}
Event: 1.328 GC heap before
{Heap before GC invocations=11 (full 0):
 garbage-first heap   total 195584K, used 125952K [0x0000000780000000, 0x00000007c0000000)
  region size 1024K, 47 young (48128K), 4 survivors (4096K)
 Metaspace       used 14916K, capacity 15165K, committed 15360K, reserved 1062912K
  class space    used 1525K, capacity 1650K, committed 1792K, reserved 1048576K
}
Event: 1.338 GC heap after
{Heap after GC invocations=12 (full 0):
 garbage-first heap   total 195584K, used 93451K [0x0000000780000000, 0x00000007c0000000)
  region size 1024K, 6 young (6144K), 6 survivors (6144K)
 Metaspace       used 14916K, capacity 15165K, committed 15360K, reserved 1062912K
  class space    used 1525K, capacity 1650K, committed 1792K, reserved 1048576K
}

